info	2022:06:01 11:44:40	GET Request to /api/teams/
info	2022:06:01 11:45:07	GET Request to /api/meetings-by-team/6297b3c8afdb630372439cf6
info	2022:06:01 11:45:16	GET Request to /api/teams/d
info	2022:06:01 11:45:16	Route not found
info	2022:06:01 11:47:25	POST Request to /api/gifts/6297b3c8afdb630372439cf6
info	2022:06:01 11:47:25	Route not found
info	2022:06:01 11:47:40	POST Request to /api/meetings/6297b3c8afdb630372439cf6
info	2022:06:01 11:47:40	Route not found
info	2022:06:01 11:47:50	POST Request to /api/meetings/6297b3c8afdb630372439cf6
info	2022:06:01 11:47:50	Route not found
info	2022:06:01 11:48:04	POST Request to /api/meetings/
info	2022:06:01 11:48:12	GET Request to /api/meetings-by-team/6297b3c8afdb630372439cf6
info	2022:06:01 11:48:15	GET Request to /api/meetings-by-team/6297b3c8afdb630372439cf6
info	2022:06:01 11:48:19	GET Request to /api/teams/
info	2022:06:01 11:48:29	GET Request to /api/meetings-by-team/6297b3c8afdb630372439cf6
info	2022:06:01 11:48:36	POST Request to /api/meetings/
error	2022:06:01 11:48:36	E11000 duplicate key error collection: dateBookdb.meetings index: room_1 dup key: { room: "Blue room" }
info	2022:06:01 11:49:20	GET Request to /api/meetings-by-team/6297b3c8afdb630372439cf6
info	2022:06:01 11:49:33	POST Request to /api/meetings/
error	2022:06:01 11:49:33	E11000 duplicate key error collection: dateBookdb.meetings index: room_1 dup key: { room: "Blue room" }
info	2022:06:01 11:49:45	POST Request to /api/meetings/
info	2022:06:01 11:49:52	GET Request to /api/meetings-by-team/6297b3c8afdb630372439cf6
info	2022:06:02 12:01:29	POST Request to /api/meetings/
info	2022:06:02 12:01:49	POST Request to /api/meetings/
info	2022:06:02 12:02:07	POST Request to /api/meetings/
info	2022:06:02 12:20:34	POST Request to /api/meetings/
info	2022:06:02 12:20:47	DELETE Request to /api/team/6297d8226f58915d194271ee
info	2022:06:02 12:20:47	Route not found
info	2022:06:02 12:20:56	DELETE Request to /api/meeting/6297d8226f58915d194271ee
info	2022:06:02 12:20:56	Route not found
info	2022:06:02 12:21:01	DELETE Request to /api/meetings/6297d8226f58915d194271ee
info	2022:06:02 12:21:03	DELETE Request to /api/meetings/6297d8226f58915d194271ee
info	2022:06:02 12:21:03	Resource with _id 6297d8226f58915d194271ee not found
info	2022:06:02 12:21:06	GET Request to /api/meetings-by-team/6297b3c8afdb630372439cf6
info	2022:06:02 12:21:27	POST Request to /api/meetings/
info	2022:06:02 12:21:38	POST Request to /api/meetings/
error	2022:06:02 12:21:38	E11000 duplicate key error collection: dateBookdb.meetings index: room_1 dup key: { room: "green room" }
info	2022:06:02 12:21:45	POST Request to /api/meetings/
info	2022:06:02 02:42:27	GET Request to /api/teams/
info	2022:06:02 02:42:32	GET Request to /api/meetings-by-team/6297b3c8afdb630372439cf6
info	2022:06:02 02:42:44	GET Request to /api/teams/
info	2022:06:02 02:42:47	GET Request to /api/teams/
info	2022:06:02 02:43:16	GET Request to /api/teams/
info	2022:06:02 02:43:19	GET Request to /api/teams/
info	2022:06:02 02:43:22	GET Request to /api/meetings-by-team/6297b3c8afdb630372439cf6
info	2022:06:02 02:43:23	GET Request to /api/meetings-by-team/6297b3dbafdb630372439cf8
info	2022:06:02 02:43:30	GET Request to /api/teams/
info	2022:06:02 02:43:32	GET Request to /api/meetings-by-team/6297b3c8afdb630372439cf6
info	2022:06:02 02:43:34	GET Request to /api/meetings-by-team/6297b3dbafdb630372439cf8
info	2022:06:02 02:44:17	GET Request to /api/teams/
info	2022:06:02 02:45:26	GET Request to /api/teams/
info	2022:06:02 02:45:36	GET Request to /api/teams/
info	2022:06:02 02:45:47	GET Request to /api/teams/
info	2022:06:02 02:45:53	GET Request to /api/teams/
info	2022:06:02 02:46:12	GET Request to /api/teams/
info	2022:06:02 02:46:34	GET Request to /api/teams/
info	2022:06:02 02:46:46	GET Request to /api/teams/
info	2022:06:02 02:46:50	GET Request to /api/teams/
info	2022:06:02 02:46:52	GET Request to /api/teams/
info	2022:06:02 02:46:58	GET Request to /api/teams/
info	2022:06:02 02:47:02	GET Request to /api/teams/
info	2022:06:02 02:47:07	GET Request to /api/teams/
info	2022:06:02 02:47:11	GET Request to /api/teams/
info	2022:06:02 02:47:15	GET Request to /api/teams/
info	2022:06:02 02:47:20	GET Request to /api/teams/
info	2022:06:02 02:47:26	GET Request to /api/teams/
info	2022:06:02 02:47:29	GET Request to /api/teams/
info	2022:06:02 02:47:31	GET Request to /api/teams/
info	2022:06:02 02:47:42	GET Request to /api/teams/
info	2022:06:02 02:47:45	GET Request to /api/teams/
info	2022:06:02 02:47:52	GET Request to /api/teams/
info	2022:06:02 02:47:54	GET Request to /api/teams/
info	2022:06:02 02:47:57	GET Request to /api/teams/
info	2022:06:02 02:48:06	GET Request to /api/teams/
info	2022:06:02 02:50:00	GET Request to /api/teams/
info	2022:06:02 02:50:07	GET Request to /api/teams/
info	2022:06:02 02:50:18	GET Request to /api/meetings-by-team/6297b3c8afdb630372439cf6
info	2022:06:02 02:50:20	GET Request to /api/meetings-by-team/6297b3dbafdb630372439cf8
info	2022:06:02 02:50:21	GET Request to /api/meetings-by-team/6297b3ecafdb630372439cfa
info	2022:06:02 02:50:25	GET Request to /api/meetings-by-team/6297b3c8afdb630372439cf6
info	2022:06:02 02:50:55	GET Request to /api/teams/
info	2022:06:02 02:51:06	GET Request to /api/teams/
info	2022:06:02 02:51:13	GET Request to /api/teams/
info	2022:06:02 02:51:19	GET Request to /api/teams/
info	2022:06:02 02:51:22	GET Request to /api/teams/
info	2022:06:02 02:51:29	GET Request to /api/teams/
info	2022:06:02 02:52:13	GET Request to /api/teams/
info	2022:06:02 02:52:17	GET Request to /api/teams/
info	2022:06:02 02:52:25	GET Request to /api/teams/
info	2022:06:02 02:52:35	GET Request to /api/teams/
info	2022:06:02 02:52:46	GET Request to /api/teams/
info	2022:06:02 02:53:02	GET Request to /api/teams/
info	2022:06:02 02:53:11	GET Request to /api/teams/
info	2022:06:02 02:53:24	GET Request to /api/teams/
info	2022:06:02 02:54:05	GET Request to /api/teams/
info	2022:06:02 02:54:21	GET Request to /api/teams/
info	2022:06:02 02:54:25	GET Request to /api/teams/
info	2022:06:02 02:54:30	GET Request to /api/meetings-by-team/6297b3c8afdb630372439cf6
info	2022:06:02 02:54:32	GET Request to /api/meetings-by-team/6297b3dbafdb630372439cf8
info	2022:06:02 02:54:33	GET Request to /api/meetings-by-team/6297b3ecafdb630372439cfa
info	2022:06:02 02:54:37	GET Request to /api/teams/
info	2022:06:02 02:54:39	GET Request to /api/meetings-by-team/6297b3c8afdb630372439cf6
info	2022:06:02 02:55:25	GET Request to /api/teams/
info	2022:06:02 02:55:26	GET Request to /api/meetings-by-team/6297b3c8afdb630372439cf6
info	2022:06:02 02:55:47	GET Request to /api/teams/
info	2022:06:02 02:55:49	GET Request to /api/teams/
info	2022:06:02 02:56:39	GET Request to /api/teams/
info	2022:06:02 02:56:43	GET Request to /api/meetings-by-team/6297b3c8afdb630372439cf6
info	2022:06:02 02:57:12	GET Request to /api/teams/
info	2022:06:02 02:57:20	GET Request to /api/teams/
info	2022:06:02 02:57:25	GET Request to /api/teams/
info	2022:06:02 02:57:30	GET Request to /api/teams/
info	2022:06:02 02:57:35	GET Request to /api/teams/
info	2022:06:02 02:57:38	GET Request to /api/teams/
info	2022:06:02 02:57:45	GET Request to /api/teams/
info	2022:06:02 02:57:50	GET Request to /api/teams/
info	2022:06:02 02:57:59	GET Request to /api/teams/
info	2022:06:02 02:58:03	GET Request to /api/teams/
info	2022:06:02 02:58:10	GET Request to /api/teams/
info	2022:06:02 02:58:13	GET Request to /api/teams/
info	2022:06:02 02:58:20	GET Request to /api/teams/
info	2022:06:02 02:58:21	GET Request to /api/teams/
info	2022:06:02 02:58:36	GET Request to /api/teams/
info	2022:06:02 02:58:38	GET Request to /api/teams/
info	2022:06:02 02:58:45	GET Request to /api/teams/
info	2022:06:02 02:58:51	GET Request to /api/teams/
info	2022:06:02 02:58:54	GET Request to /api/teams/
info	2022:06:02 02:58:57	GET Request to /api/teams/
info	2022:06:02 02:59:39	GET Request to /api/teams/
info	2022:06:02 02:59:49	GET Request to /api/teams/
info	2022:06:02 02:59:55	GET Request to /api/teams/
info	2022:06:02 03:00:03	GET Request to /api/teams/
info	2022:06:02 03:00:09	GET Request to /api/teams/
info	2022:06:02 03:00:17	GET Request to /api/teams/
info	2022:06:02 03:00:24	GET Request to /api/teams/
info	2022:06:02 03:00:31	GET Request to /api/teams/
info	2022:06:02 03:00:35	GET Request to /api/teams/
info	2022:06:02 03:00:42	GET Request to /api/meetings-by-team/6297b3c8afdb630372439cf6
info	2022:06:02 03:00:51	GET Request to /api/teams/
info	2022:06:02 03:00:54	GET Request to /api/meetings-by-team/6297b3c8afdb630372439cf6
info	2022:06:02 03:02:23	GET Request to /api/teams/
info	2022:06:02 03:02:26	GET Request to /api/meetings-by-team/6297b3c8afdb630372439cf6
info	2022:06:02 03:02:42	GET Request to /api/teams/
info	2022:06:02 03:02:44	GET Request to /api/meetings-by-team/6297b3c8afdb630372439cf6
info	2022:06:02 03:02:48	DELETE Request to /api/meetings/6297d8696f58915d194271f8
info	2022:06:02 03:03:25	GET Request to /api/teams/
info	2022:06:02 03:03:26	GET Request to /api/meetings-by-team/6297b3dbafdb630372439cf8
info	2022:06:02 03:03:28	GET Request to /api/teams/
info	2022:06:02 03:03:30	GET Request to /api/meetings-by-team/6297b3dbafdb630372439cf8
info	2022:06:02 03:03:31	GET Request to /api/meetings-by-team/6297b3ecafdb630372439cfa
info	2022:06:02 03:03:35	GET Request to /api/meetings-by-team/6297b3c8afdb630372439cf6
info	2022:06:02 03:04:12	GET Request to /api/teams/
info	2022:06:02 03:07:23	GET Request to /api/teams/
info	2022:06:02 03:07:26	GET Request to /api/teams/
info	2022:06:02 03:07:30	GET Request to /api/teams/
info	2022:06:02 03:07:34	GET Request to /api/teams/
info	2022:06:02 03:07:37	GET Request to /api/teams/
info	2022:06:02 03:07:47	GET Request to /api/teams/
info	2022:06:02 03:07:50	GET Request to /api/teams/
info	2022:06:02 03:07:54	GET Request to /api/teams/
info	2022:06:02 03:08:00	GET Request to /api/teams/
info	2022:06:02 03:08:02	GET Request to /api/teams/
info	2022:06:02 03:08:12	GET Request to /api/teams/
info	2022:06:02 03:08:19	GET Request to /api/teams/
info	2022:06:02 03:08:26	GET Request to /api/teams/
info	2022:06:02 03:08:30	GET Request to /api/teams/
info	2022:06:02 03:08:33	GET Request to /api/teams/
info	2022:06:02 03:08:34	GET Request to /api/teams/
info	2022:06:02 03:08:41	GET Request to /api/teams/
info	2022:06:02 03:08:48	GET Request to /api/teams/
info	2022:06:02 03:09:00	GET Request to /api/teams/
info	2022:06:02 03:12:08	GET Request to /api/teams/
info	2022:06:02 03:12:17	GET Request to /api/teams/
info	2022:06:02 03:12:21	GET Request to /api/teams/
info	2022:06:02 03:12:25	GET Request to /api/teams/
info	2022:06:02 03:12:34	GET Request to /api/teams/
info	2022:06:02 03:12:40	GET Request to /api/teams/
info	2022:06:02 03:15:42	GET Request to /api/teams/
info	2022:06:02 03:15:43	GET Request to /api/teams/
info	2022:06:02 03:16:02	GET Request to /api/teams/
info	2022:06:02 03:16:10	GET Request to /api/teams/
info	2022:06:02 03:16:17	GET Request to /api/teams/
info	2022:06:02 03:16:22	GET Request to /api/teams/
info	2022:06:02 03:16:28	GET Request to /api/teams/
info	2022:06:02 03:16:36	GET Request to /api/teams/
info	2022:06:02 03:16:45	GET Request to /api/teams/
info	2022:06:02 03:16:54	GET Request to /api/teams/
info	2022:06:02 03:17:09	GET Request to /api/teams/
info	2022:06:02 03:17:12	GET Request to /api/teams/
info	2022:06:02 03:17:19	GET Request to /api/teams/
info	2022:06:02 03:18:18	GET Request to /api/teams/
info	2022:06:02 03:18:21	GET Request to /api/teams/
info	2022:06:02 03:18:39	GET Request to /api/teams/
info	2022:06:02 03:18:46	GET Request to /api/teams/
info	2022:06:02 03:18:51	GET Request to /api/teams/
info	2022:06:02 03:18:53	GET Request to /api/teams/
info	2022:06:02 03:18:56	GET Request to /api/teams/
info	2022:06:02 03:19:01	GET Request to /api/teams/
info	2022:06:02 03:19:05	GET Request to /api/teams/
info	2022:06:02 03:19:09	GET Request to /api/teams/
info	2022:06:02 03:19:12	GET Request to /api/teams/
info	2022:06:02 03:19:16	GET Request to /api/teams/
info	2022:06:02 03:19:23	GET Request to /api/teams/
info	2022:06:02 03:19:52	GET Request to /api/teams/
info	2022:06:02 03:19:55	GET Request to /api/teams/
info	2022:06:02 03:19:58	GET Request to /api/teams/
info	2022:06:02 03:20:10	GET Request to /api/teams/
info	2022:06:02 03:20:12	GET Request to /api/teams/
info	2022:06:02 03:20:21	GET Request to /api/teams/
info	2022:06:02 03:20:26	GET Request to /api/teams/
info	2022:06:02 03:20:37	GET Request to /api/teams/
info	2022:06:02 03:20:38	GET Request to /api/teams/
info	2022:06:02 03:20:54	GET Request to /api/teams/
info	2022:06:02 03:21:01	GET Request to /api/teams/
info	2022:06:02 03:21:10	GET Request to /api/teams/
info	2022:06:02 03:21:12	GET Request to /api/teams/
info	2022:06:02 03:21:17	GET Request to /api/teams/
info	2022:06:02 03:21:24	GET Request to /api/teams/
info	2022:06:02 03:21:32	GET Request to /api/teams/
info	2022:06:02 03:21:37	GET Request to /api/teams/
info	2022:06:02 03:21:40	GET Request to /api/teams/
info	2022:06:02 03:21:48	GET Request to /api/teams/
info	2022:06:02 03:21:50	GET Request to /api/teams/
info	2022:06:02 03:21:54	GET Request to /api/teams/
info	2022:06:02 03:22:01	GET Request to /api/teams/
info	2022:06:02 03:22:03	GET Request to /api/teams/
info	2022:06:02 03:22:18	GET Request to /api/teams/
info	2022:06:02 03:22:33	GET Request to /api/teams/
info	2022:06:02 03:22:35	GET Request to /api/teams/
info	2022:06:02 03:23:10	POST Request to /api/meetings/
info	2022:06:02 03:23:10	GET Request to /api/teams/
info	2022:06:02 03:23:24	GET Request to /api/teams/
info	2022:06:02 03:23:35	GET Request to /api/teams/
info	2022:06:02 03:23:36	POST Request to /api/meetings/
info	2022:06:02 03:23:36	MeetingModel validation failed: endDate: Missing end date, startDate: Missing start date, description: Missing description, room: Missing room
info	2022:06:02 03:23:37	POST Request to /api/meetings/
info	2022:06:02 03:23:37	MeetingModel validation failed: endDate: Missing end date, startDate: Missing start date, description: Missing description, room: Missing room
info	2022:06:02 03:23:37	POST Request to /api/meetings/
info	2022:06:02 03:23:37	MeetingModel validation failed: endDate: Missing end date, startDate: Missing start date, description: Missing description, room: Missing room
info	2022:06:02 03:23:38	POST Request to /api/meetings/
info	2022:06:02 03:23:38	MeetingModel validation failed: endDate: Missing end date, startDate: Missing start date, description: Missing description, room: Missing room
info	2022:06:02 03:23:39	POST Request to /api/meetings/
info	2022:06:02 03:23:39	MeetingModel validation failed: endDate: Missing end date, startDate: Missing start date, description: Missing description, room: Missing room
info	2022:06:02 03:23:51	GET Request to /api/teams/
info	2022:06:02 03:23:54	POST Request to /api/meetings/
info	2022:06:02 03:23:54	MeetingModel validation failed: endDate: Missing end date, startDate: Missing start date, description: Missing description, room: Missing room
info	2022:06:02 03:23:54	POST Request to /api/meetings/
info	2022:06:02 03:23:54	MeetingModel validation failed: endDate: Missing end date, startDate: Missing start date, description: Missing description, room: Missing room
info	2022:06:02 03:24:02	GET Request to /api/teams/
info	2022:06:02 03:24:03	POST Request to /api/meetings/
info	2022:06:02 03:24:03	MeetingModel validation failed: endDate: Missing end date, startDate: Missing start date, description: Missing description, room: Missing room
info	2022:06:02 03:24:03	POST Request to /api/meetings/
info	2022:06:02 03:24:03	MeetingModel validation failed: endDate: Missing end date, startDate: Missing start date, description: Missing description, room: Missing room
info	2022:06:02 03:24:04	POST Request to /api/meetings/
info	2022:06:02 03:24:04	MeetingModel validation failed: endDate: Missing end date, startDate: Missing start date, description: Missing description, room: Missing room
info	2022:06:02 03:24:04	POST Request to /api/meetings/
info	2022:06:02 03:24:04	MeetingModel validation failed: endDate: Missing end date, startDate: Missing start date, description: Missing description, room: Missing room
info	2022:06:02 03:24:04	POST Request to /api/meetings/
info	2022:06:02 03:24:04	MeetingModel validation failed: endDate: Missing end date, startDate: Missing start date, description: Missing description, room: Missing room
info	2022:06:02 03:24:04	POST Request to /api/meetings/
info	2022:06:02 03:24:04	MeetingModel validation failed: endDate: Missing end date, startDate: Missing start date, description: Missing description, room: Missing room
info	2022:06:02 03:24:04	POST Request to /api/meetings/
info	2022:06:02 03:24:04	MeetingModel validation failed: endDate: Missing end date, startDate: Missing start date, description: Missing description, room: Missing room
info	2022:06:02 03:24:13	GET Request to /api/teams/
info	2022:06:02 03:24:40	GET Request to /api/teams/
info	2022:06:02 03:24:41	GET Request to /api/teams/
info	2022:06:02 03:24:43	GET Request to /api/teams/
info	2022:06:02 03:24:45	GET Request to /api/meetings-by-team/6297b3c8afdb630372439cf6
info	2022:06:02 03:26:18	GET Request to /api/teams/
info	2022:06:02 03:26:21	GET Request to /api/meetings-by-team/6297b3c8afdb630372439cf6
info	2022:06:02 03:26:28	GET Request to /api/teams/
info	2022:06:02 03:26:38	POST Request to /api/meetings/
info	2022:06:02 03:26:38	GET Request to /api/teams/
info	2022:06:02 03:26:39	GET Request to /api/meetings-by-team/6297b3dbafdb630372439cf8
info	2022:06:02 03:26:43	DELETE Request to /api/meetings/629803be6bdc5c855c17210d
info	2022:06:02 03:27:23	GET Request to /api/teams/
info	2022:06:02 03:27:25	GET Request to /api/meetings-by-team/6297b3c8afdb630372439cf6
info	2022:06:02 04:15:20	GET Request to /api/teams/
info	2022:06:02 04:17:08	GET Request to /api/teams/
info	2022:06:02 04:17:43	GET Request to /api/meetings-by-team/6297b3c8afdb630372439cf6
info	2022:06:02 04:18:03	GET Request to /api/teams/
info	2022:06:02 04:18:05	GET Request to /api/meetings-by-team/6297b3c8afdb630372439cf6
info	2022:06:02 04:18:13	GET Request to /api/teams/
info	2022:06:02 04:18:14	GET Request to /api/meetings-by-team/6297b3c8afdb630372439cf6
info	2022:06:02 04:18:20	GET Request to /api/teams/
info	2022:06:02 04:18:22	GET Request to /api/meetings-by-team/6297b3c8afdb630372439cf6
info	2022:06:02 04:18:35	GET Request to /api/teams/
info	2022:06:02 04:18:37	GET Request to /api/meetings-by-team/6297b3c8afdb630372439cf6
info	2022:06:02 04:20:38	GET Request to /api/teams/
